app/build/intermediates/manifest_merge_blame_file/release/processReleaseMainManifest/manifest-merger-blame-release-report.txt
1<?xml version="1.0" encoding="utf-8"?>
2<manifest xmlns:android="http://schemas.android.com/apk/res/android"
3    package="com.example.mayoresfitmakers"
4    android:versionCode="1"
5    android:versionName="1.0" >
6
7    <uses-sdk
8        android:minSdkVersion="36"
9        android:targetSdkVersion="36" />
10
11    <uses-permission android:name="android.permission.INTERNET" />
11-->[com.google.firebase:firebase-auth:24.0.1] AndroidManifest.xml:25:5-67
11-->[com.google.firebase:firebase-auth:24.0.1] AndroidManifest.xml:25:22-64
12    <uses-permission android:name="android.permission.ACCESS_NETWORK_STATE" />
12-->[com.google.firebase:firebase-auth:24.0.1] AndroidManifest.xml:26:5-79
12-->[com.google.firebase:firebase-auth:24.0.1] AndroidManifest.xml:26:22-76
13    <uses-permission android:name="com.google.android.providers.gsf.permission.READ_GSERVICES" />
13-->[com.google.android.recaptcha:recaptcha:18.6.1] AndroidManifest.xml:9:5-98
13-->[com.google.android.recaptcha:recaptcha:18.6.1] AndroidManifest.xml:9:22-95
14
15    <permission
15-->[androidx.core:core:1.17.0] AndroidManifest.xml:22:5-24:47
16        android:name="com.example.mayoresfitmakers.DYNAMIC_RECEIVER_NOT_EXPORTED_PERMISSION"
16-->[androidx.core:core:1.17.0] AndroidManifest.xml:23:9-81
17        android:protectionLevel="signature" />
17-->[androidx.core:core:1.17.0] AndroidManifest.xml:24:9-44
18
19    <uses-permission android:name="com.example.mayoresfitmakers.DYNAMIC_RECEIVER_NOT_EXPORTED_PERMISSION" />
19-->[androidx.core:core:1.17.0] AndroidManifest.xml:26:5-97
19-->[androidx.core:core:1.17.0] AndroidManifest.xml:26:22-94
20
21    <application
21-->src\main\AndroidManifest.xml:5:5-23:19
22        android:allowBackup="true"
22-->src\main\AndroidManifest.xml:6:9-35
23        android:appComponentFactory="androidx.core.app.CoreComponentFactory"
23-->[androidx.core:core:1.17.0] AndroidManifest.xml:28:18-86
24        android:dataExtractionRules="@xml/data_extraction_rules"
24-->src\main\AndroidManifest.xml:7:9-65
25        android:extractNativeLibs="false"
26        android:fullBackupContent="@xml/backup_rules"
26-->src\main\AndroidManifest.xml:8:9-54
27        android:icon="@mipmap/ic_launcher"
27-->src\main\AndroidManifest.xml:9:9-43
28        android:label="@string/app_name"
28-->src\main\AndroidManifest.xml:10:9-41
29        android:roundIcon="@mipmap/ic_launcher_round"
29-->src\main\AndroidManifest.xml:11:9-54
30        android:supportsRtl="true"
30-->src\main\AndroidManifest.xml:12:9-35
31        android:theme="@style/Theme.Mayoresfitmakers" >
31-->src\main\AndroidManifest.xml:13:9-54
32        <activity
32-->src\main\AndroidManifest.xml:14:9-22:20
33            android:name="com.example.mayoresfitmakers.PortadaActivity"
33-->src\main\AndroidManifest.xml:15:13-44
34            android:exported="true" >
34-->src\main\AndroidManifest.xml:16:13-36
35            <intent-filter>
35-->src\main\AndroidManifest.xml:17:13-21:29
36                <action android:name="android.intent.action.MAIN" />
36-->src\main\AndroidManifest.xml:18:17-69
36-->src\main\AndroidManifest.xml:18:25-66
37
38                <category android:name="android.intent.category.LAUNCHER" />
38-->src\main\AndroidManifest.xml:20:17-77
38-->src\main\AndroidManifest.xml:20:27-74
39            </intent-filter>
40        </activity>
41        <activity
41-->[com.google.firebase:firebase-auth:24.0.1] AndroidManifest.xml:29:9-46:20
42            android:name="com.google.firebase.auth.internal.GenericIdpActivity"
42-->[com.google.firebase:firebase-auth:24.0.1] AndroidManifest.xml:30:13-80
43            android:excludeFromRecents="true"
43-->[com.google.firebase:firebase-auth:24.0.1] AndroidManifest.xml:31:13-46
44            android:exported="true"
44-->[com.google.firebase:firebase-auth:24.0.1] AndroidManifest.xml:32:13-36
45            android:launchMode="singleTask"
45-->[com.google.firebase:firebase-auth:24.0.1] AndroidManifest.xml:33:13-44
46            android:theme="@android:style/Theme.Translucent.NoTitleBar" >
46-->[com.google.firebase:firebase-auth:24.0.1] AndroidManifest.xml:34:13-72
47            <intent-filter>
47-->[com.google.firebase:firebase-auth:24.0.1] AndroidManifest.xml:35:13-45:29
48                <action android:name="android.intent.action.VIEW" />
48-->[com.google.firebase:firebase-auth:24.0.1] AndroidManifest.xml:36:17-69
48-->[com.google.firebase:firebase-auth:24.0.1] AndroidManifest.xml:36:25-66
49
50                <category android:name="android.intent.category.DEFAULT" />
50-->[com.google.firebase:firebase-auth:24.0.1] AndroidManifest.xml:38:17-76
50-->[com.google.firebase:firebase-auth:24.0.1] AndroidManifest.xml:38:27-73
51                <category android:name="android.intent.category.BROWSABLE" />
51-->[com.google.firebase:firebase-auth:24.0.1] AndroidManifest.xml:39:17-78
51-->[com.google.firebase:firebase-auth:24.0.1] AndroidManifest.xml:39:27-75
52
53                <data
53-->[com.google.firebase:firebase-auth:24.0.1] AndroidManifest.xml:41:17-44:51
54                    android:host="firebase.auth"
54-->[com.google.firebase:firebase-auth:24.0.1] AndroidManifest.xml:42:21-49
55                    android:path="/"
55-->[com.google.firebase:firebase-auth:24.0.1] AndroidManifest.xml:43:21-37
56                    android:scheme="genericidp" />
56-->[com.google.firebase:firebase-auth:24.0.1] AndroidManifest.xml:44:21-48
57            </intent-filter>
58        </activity>
59        <activity
59-->[com.google.firebase:firebase-auth:24.0.1] AndroidManifest.xml:47:9-64:20
60            android:name="com.google.firebase.auth.internal.RecaptchaActivity"
60-->[com.google.firebase:firebase-auth:24.0.1] AndroidManifest.xml:48:13-79
61            android:excludeFromRecents="true"
61-->[com.google.firebase:firebase-auth:24.0.1] AndroidManifest.xml:49:13-46
62            android:exported="true"
62-->[com.google.firebase:firebase-auth:24.0.1] AndroidManifest.xml:50:13-36
63            android:launchMode="singleTask"
63-->[com.google.firebase:firebase-auth:24.0.1] AndroidManifest.xml:51:13-44
64            android:theme="@android:style/Theme.Translucent.NoTitleBar" >
64-->[com.google.firebase:firebase-auth:24.0.1] AndroidManifest.xml:52:13-72
65            <intent-filter>
65-->[com.google.firebase:firebase-auth:24.0.1] AndroidManifest.xml:53:13-63:29
66                <action android:name="android.intent.action.VIEW" />
66-->[com.google.firebase:firebase-auth:24.0.1] AndroidManifest.xml:36:17-69
66-->[com.google.firebase:firebase-auth:24.0.1] AndroidManifest.xml:36:25-66
67
68                <category android:name="android.intent.category.DEFAULT" />
68-->[com.google.firebase:firebase-auth:24.0.1] AndroidManifest.xml:38:17-76
68-->[com.google.firebase:firebase-auth:24.0.1] AndroidManifest.xml:38:27-73
69                <category android:name="android.intent.category.BROWSABLE" />
69-->[com.google.firebase:firebase-auth:24.0.1] AndroidManifest.xml:39:17-78
69-->[com.google.firebase:firebase-auth:24.0.1] AndroidManifest.xml:39:27-75
70
71                <data
71-->[com.google.firebase:firebase-auth:24.0.1] AndroidManifest.xml:41:17-44:51
72                    android:host="firebase.auth"
72-->[com.google.firebase:firebase-auth:24.0.1] AndroidManifest.xml:42:21-49
73                    android:path="/"
73-->[com.google.firebase:firebase-auth:24.0.1] AndroidManifest.xml:43:21-37
74                    android:scheme="recaptcha" />
74-->[com.google.firebase:firebase-auth:24.0.1] AndroidManifest.xml:44:21-48
75            </intent-filter>
76        </activity>
77
78        <service
78-->[com.google.firebase:firebase-auth:24.0.1] AndroidManifest.xml:66:9-72:19
79            android:name="com.google.firebase.components.ComponentDiscoveryService"
79-->[com.google.firebase:firebase-auth:24.0.1] AndroidManifest.xml:67:13-84
80            android:directBootAware="true"
80-->[com.google.firebase:firebase-common:22.0.1] AndroidManifest.xml:32:13-43
81            android:exported="false" >
81-->[com.google.firebase:firebase-auth:24.0.1] AndroidManifest.xml:68:13-37
82            <meta-data
82-->[com.google.firebase:firebase-auth:24.0.1] AndroidManifest.xml:69:13-71:85
83                android:name="com.google.firebase.components:com.google.firebase.auth.FirebaseAuthRegistrar"
83-->[com.google.firebase:firebase-auth:24.0.1] AndroidManifest.xml:70:17-109
84                android:value="com.google.firebase.components.ComponentRegistrar" />
84-->[com.google.firebase:firebase-auth:24.0.1] AndroidManifest.xml:71:17-82
85            <meta-data
85-->[com.google.firebase:firebase-firestore:26.0.2] AndroidManifest.xml:17:13-19:85
86                android:name="com.google.firebase.components:com.google.firebase.firestore.FirebaseFirestoreKtxRegistrar"
86-->[com.google.firebase:firebase-firestore:26.0.2] AndroidManifest.xml:18:17-122
87                android:value="com.google.firebase.components.ComponentRegistrar" />
87-->[com.google.firebase:firebase-firestore:26.0.2] AndroidManifest.xml:19:17-82
88            <meta-data
88-->[com.google.firebase:firebase-firestore:26.0.2] AndroidManifest.xml:20:13-22:85
89                android:name="com.google.firebase.components:com.google.firebase.firestore.FirestoreRegistrar"
89-->[com.google.firebase:firebase-firestore:26.0.2] AndroidManifest.xml:21:17-111
90                android:value="com.google.firebase.components.ComponentRegistrar" />
90-->[com.google.firebase:firebase-firestore:26.0.2] AndroidManifest.xml:22:17-82
91            <meta-data
91-->[com.google.firebase:firebase-common:22.0.1] AndroidManifest.xml:35:13-37:85
92                android:name="com.google.firebase.components:com.google.firebase.FirebaseCommonKtxRegistrar"
92-->[com.google.firebase:firebase-common:22.0.1] AndroidManifest.xml:36:17-109
93                android:value="com.google.firebase.components.ComponentRegistrar" />
93-->[com.google.firebase:firebase-common:22.0.1] AndroidManifest.xml:37:17-82
94        </service>
95        <service
95-->[androidx.credentials:credentials-play-services-auth:1.2.0-rc01] AndroidManifest.xml:24:9-32:19
96            android:name="androidx.credentials.playservices.CredentialProviderMetadataHolder"
96-->[androidx.credentials:credentials-play-services-auth:1.2.0-rc01] AndroidManifest.xml:25:13-94
97            android:enabled="true"
97-->[androidx.credentials:credentials-play-services-auth:1.2.0-rc01] AndroidManifest.xml:26:13-35
98            android:exported="false" >
98-->[androidx.credentials:credentials-play-services-auth:1.2.0-rc01] AndroidManifest.xml:27:13-37
99            <meta-data
99-->[androidx.credentials:credentials-play-services-auth:1.2.0-rc01] AndroidManifest.xml:29:13-31:104
100                android:name="androidx.credentials.CREDENTIAL_PROVIDER_KEY"
100-->[androidx.credentials:credentials-play-services-auth:1.2.0-rc01] AndroidManifest.xml:30:17-76
101                android:value="androidx.credentials.playservices.CredentialProviderPlayServicesImpl" />
101-->[androidx.credentials:credentials-play-services-auth:1.2.0-rc01] AndroidManifest.xml:31:17-101
102        </service>
103
104        <activity
104-->[androidx.credentials:credentials-play-services-auth:1.2.0-rc01] AndroidManifest.xml:34:9-41:20
105            android:name="androidx.credentials.playservices.HiddenActivity"
105-->[androidx.credentials:credentials-play-services-auth:1.2.0-rc01] AndroidManifest.xml:35:13-76
106            android:configChanges="orientation|screenSize|screenLayout|keyboardHidden"
106-->[androidx.credentials:credentials-play-services-auth:1.2.0-rc01] AndroidManifest.xml:36:13-87
107            android:enabled="true"
107-->[androidx.credentials:credentials-play-services-auth:1.2.0-rc01] AndroidManifest.xml:37:13-35
108            android:exported="false"
108-->[androidx.credentials:credentials-play-services-auth:1.2.0-rc01] AndroidManifest.xml:38:13-37
109            android:fitsSystemWindows="true"
109-->[androidx.credentials:credentials-play-services-auth:1.2.0-rc01] AndroidManifest.xml:39:13-45
110            android:theme="@style/Theme.Hidden" >
110-->[androidx.credentials:credentials-play-services-auth:1.2.0-rc01] AndroidManifest.xml:40:13-48
111        </activity>
112        <activity
112-->[com.google.android.gms:play-services-auth:20.7.0] AndroidManifest.xml:23:9-27:75
113            android:name="com.google.android.gms.auth.api.signin.internal.SignInHubActivity"
113-->[com.google.android.gms:play-services-auth:20.7.0] AndroidManifest.xml:24:13-93
114            android:excludeFromRecents="true"
114-->[com.google.android.gms:play-services-auth:20.7.0] AndroidManifest.xml:25:13-46
115            android:exported="false"
115-->[com.google.android.gms:play-services-auth:20.7.0] AndroidManifest.xml:26:13-37
116            android:theme="@android:style/Theme.Translucent.NoTitleBar" />
116-->[com.google.android.gms:play-services-auth:20.7.0] AndroidManifest.xml:27:13-72
117        <!--
118            Service handling Google Sign-In user revocation. For apps that do not integrate with
119            Google Sign-In, this service will never be started.
120        -->
121        <service
121-->[com.google.android.gms:play-services-auth:20.7.0] AndroidManifest.xml:33:9-37:51
122            android:name="com.google.android.gms.auth.api.signin.RevocationBoundService"
122-->[com.google.android.gms:play-services-auth:20.7.0] AndroidManifest.xml:34:13-89
123            android:exported="true"
123-->[com.google.android.gms:play-services-auth:20.7.0] AndroidManifest.xml:35:13-36
124            android:permission="com.google.android.gms.auth.api.signin.permission.REVOCATION_NOTIFICATION"
124-->[com.google.android.gms:play-services-auth:20.7.0] AndroidManifest.xml:36:13-107
125            android:visibleToInstantApps="true" />
125-->[com.google.android.gms:play-services-auth:20.7.0] AndroidManifest.xml:37:13-48
126
127        <provider
127-->[com.google.firebase:firebase-common:22.0.1] AndroidManifest.xml:23:9-28:39
128            android:name="com.google.firebase.provider.FirebaseInitProvider"
128-->[com.google.firebase:firebase-common:22.0.1] AndroidManifest.xml:24:13-77
129            android:authorities="com.example.mayoresfitmakers.firebaseinitprovider"
129-->[com.google.firebase:firebase-common:22.0.1] AndroidManifest.xml:25:13-72
130            android:directBootAware="true"
130-->[com.google.firebase:firebase-common:22.0.1] AndroidManifest.xml:26:13-43
131            android:exported="false"
131-->[com.google.firebase:firebase-common:22.0.1] AndroidManifest.xml:27:13-37
132            android:initOrder="100" />
132-->[com.google.firebase:firebase-common:22.0.1] AndroidManifest.xml:28:13-36
133
134        <activity
134-->[com.google.android.gms:play-services-base:18.1.0] AndroidManifest.xml:20:9-22:45
135            android:name="com.google.android.gms.common.api.GoogleApiActivity"
135-->[com.google.android.gms:play-services-base:18.1.0] AndroidManifest.xml:20:19-85
136            android:exported="false"
136-->[com.google.android.gms:play-services-base:18.1.0] AndroidManifest.xml:22:19-43
137            android:theme="@android:style/Theme.Translucent.NoTitleBar" />
137-->[com.google.android.gms:play-services-base:18.1.0] AndroidManifest.xml:21:19-78
138
139        <provider
139-->[androidx.emoji2:emoji2:1.3.0] AndroidManifest.xml:24:9-32:20
140            android:name="androidx.startup.InitializationProvider"
140-->[androidx.emoji2:emoji2:1.3.0] AndroidManifest.xml:25:13-67
141            android:authorities="com.example.mayoresfitmakers.androidx-startup"
141-->[androidx.emoji2:emoji2:1.3.0] AndroidManifest.xml:26:13-68
142            android:exported="false" >
142-->[androidx.emoji2:emoji2:1.3.0] AndroidManifest.xml:27:13-37
143            <meta-data
143-->[androidx.emoji2:emoji2:1.3.0] AndroidManifest.xml:29:13-31:52
144                android:name="androidx.emoji2.text.EmojiCompatInitializer"
144-->[androidx.emoji2:emoji2:1.3.0] AndroidManifest.xml:30:17-75
145                android:value="androidx.startup" />
145-->[androidx.emoji2:emoji2:1.3.0] AndroidManifest.xml:31:17-49
146            <meta-data
146-->[androidx.lifecycle:lifecycle-process:2.6.2] AndroidManifest.xml:29:13-31:52
147                android:name="androidx.lifecycle.ProcessLifecycleInitializer"
147-->[androidx.lifecycle:lifecycle-process:2.6.2] AndroidManifest.xml:30:17-78
148                android:value="androidx.startup" />
148-->[androidx.lifecycle:lifecycle-process:2.6.2] AndroidManifest.xml:31:17-49
149            <meta-data
149-->[androidx.profileinstaller:profileinstaller:1.4.0] AndroidManifest.xml:29:13-31:52
150                android:name="androidx.profileinstaller.ProfileInstallerInitializer"
150-->[androidx.profileinstaller:profileinstaller:1.4.0] AndroidManifest.xml:30:17-85
151                android:value="androidx.startup" />
151-->[androidx.profileinstaller:profileinstaller:1.4.0] AndroidManifest.xml:31:17-49
152        </provider>
153
154        <meta-data
154-->[com.google.android.gms:play-services-basement:18.8.0] AndroidManifest.xml:21:9-23:69
155            android:name="com.google.android.gms.version"
155-->[com.google.android.gms:play-services-basement:18.8.0] AndroidManifest.xml:22:13-58
156            android:value="@integer/google_play_services_version" />
156-->[com.google.android.gms:play-services-basement:18.8.0] AndroidManifest.xml:23:13-66
157
158        <receiver
158-->[androidx.profileinstaller:profileinstaller:1.4.0] AndroidManifest.xml:34:9-52:20
159            android:name="androidx.profileinstaller.ProfileInstallReceiver"
159-->[androidx.profileinstaller:profileinstaller:1.4.0] AndroidManifest.xml:35:13-76
160            android:directBootAware="false"
160-->[androidx.profileinstaller:profileinstaller:1.4.0] AndroidManifest.xml:36:13-44
161            android:enabled="true"
161-->[androidx.profileinstaller:profileinstaller:1.4.0] AndroidManifest.xml:37:13-35
162            android:exported="true"
162-->[androidx.profileinstaller:profileinstaller:1.4.0] AndroidManifest.xml:38:13-36
163            android:permission="android.permission.DUMP" >
163-->[androidx.profileinstaller:profileinstaller:1.4.0] AndroidManifest.xml:39:13-57
164            <intent-filter>
164-->[androidx.profileinstaller:profileinstaller:1.4.0] AndroidManifest.xml:40:13-42:29
165                <action android:name="androidx.profileinstaller.action.INSTALL_PROFILE" />
165-->[androidx.profileinstaller:profileinstaller:1.4.0] AndroidManifest.xml:41:17-91
165-->[androidx.profileinstaller:profileinstaller:1.4.0] AndroidManifest.xml:41:25-88
166            </intent-filter>
167            <intent-filter>
167-->[androidx.profileinstaller:profileinstaller:1.4.0] AndroidManifest.xml:43:13-45:29
168                <action android:name="androidx.profileinstaller.action.SKIP_FILE" />
168-->[androidx.profileinstaller:profileinstaller:1.4.0] AndroidManifest.xml:44:17-85
168-->[androidx.profileinstaller:profileinstaller:1.4.0] AndroidManifest.xml:44:25-82
169            </intent-filter>
170            <intent-filter>
170-->[androidx.profileinstaller:profileinstaller:1.4.0] AndroidManifest.xml:46:13-48:29
171                <action android:name="androidx.profileinstaller.action.SAVE_PROFILE" />
171-->[androidx.profileinstaller:profileinstaller:1.4.0] AndroidManifest.xml:47:17-88
171-->[androidx.profileinstaller:profileinstaller:1.4.0] AndroidManifest.xml:47:25-85
172            </intent-filter>
173            <intent-filter>
173-->[androidx.profileinstaller:profileinstaller:1.4.0] AndroidManifest.xml:49:13-51:29
174                <action android:name="androidx.profileinstaller.action.BENCHMARK_OPERATION" />
174-->[androidx.profileinstaller:profileinstaller:1.4.0] AndroidManifest.xml:50:17-95
174-->[androidx.profileinstaller:profileinstaller:1.4.0] AndroidManifest.xml:50:25-92
175            </intent-filter>
176        </receiver> <!-- The activities will be merged into the manifest of the hosting app. -->
177        <activity
177-->[com.google.android.play:core-common:2.0.3] AndroidManifest.xml:14:9-18:65
178            android:name="com.google.android.play.core.common.PlayCoreDialogWrapperActivity"
178-->[com.google.android.play:core-common:2.0.3] AndroidManifest.xml:15:13-93
179            android:exported="false"
179-->[com.google.android.play:core-common:2.0.3] AndroidManifest.xml:16:13-37
180            android:stateNotNeeded="true"
180-->[com.google.android.play:core-common:2.0.3] AndroidManifest.xml:17:13-42
181            android:theme="@style/Theme.PlayCore.Transparent" />
181-->[com.google.android.play:core-common:2.0.3] AndroidManifest.xml:18:13-62
182    </application>
183
184</manifest>